<?xml version="1.0" encoding="UTF-8"?>
<testsuite xmlns:xsi="http://www.w3.org/2001/XMLSchema-instance" xsi:noNamespaceSchemaLocation="https://maven.apache.org/surefire/maven-surefire-plugin/xsd/surefire-test-report.xsd" name="TestSuite" time="37.058" tests="21" errors="0" skipped="0" failures="0">
  <properties>
    <property name="java.runtime.name" value="Java(TM) SE Runtime Environment"/>
    <property name="sun.boot.library.path" value="/Library/Java/JavaVirtualMachines/jdk1.8.0_171.jdk/Contents/Home/jre/lib"/>
    <property name="java.vm.version" value="25.171-b11"/>
    <property name="gopherProxySet" value="false"/>
    <property name="java.vm.vendor" value="Oracle Corporation"/>
    <property name="maven.multiModuleProjectDirectory" value="/Users/indianic/git/RESTAPI"/>
    <property name="java.vendor.url" value="http://java.oracle.com/"/>
    <property name="path.separator" value=":"/>
    <property name="guice.disable.misplaced.annotation.check" value="true"/>
    <property name="java.vm.name" value="Java HotSpot(TM) 64-Bit Server VM"/>
    <property name="file.encoding.pkg" value="sun.io"/>
    <property name="user.country" value="IN"/>
    <property name="sun.java.launcher" value="SUN_STANDARD"/>
    <property name="sun.os.patch.level" value="unknown"/>
    <property name="java.vm.specification.name" value="Java Virtual Machine Specification"/>
    <property name="user.dir" value="/Users/indianic/git/RESTAPI"/>
    <property name="java.runtime.version" value="1.8.0_171-b11"/>
    <property name="java.awt.graphicsenv" value="sun.awt.CGraphicsEnvironment"/>
    <property name="java.endorsed.dirs" value="/Library/Java/JavaVirtualMachines/jdk1.8.0_171.jdk/Contents/Home/jre/lib/endorsed"/>
    <property name="os.arch" value="x86_64"/>
    <property name="java.io.tmpdir" value="/var/folders/96/2dv8h6vd4ls9dc3vgmtrtzyh0000gn/T/"/>
    <property name="line.separator" value="&#10;"/>
    <property name="java.vm.specification.vendor" value="Oracle Corporation"/>
    <property name="os.name" value="Mac OS X"/>
    <property name="classworlds.conf" value="/Users/indianic/eclipse-workspace/.metadata/.plugins/org.eclipse.m2e.launching/launches/m2conf8232308348815937884.tmp"/>
    <property name="sun.jnu.encoding" value="UTF-8"/>
    <property name="java.library.path" value="/Users/indianic/Library/Java/Extensions:/Library/Java/Extensions:/Network/Library/Java/Extensions:/System/Library/Java/Extensions:/usr/lib/java:."/>
    <property name="java.specification.name" value="Java Platform API Specification"/>
    <property name="java.class.version" value="52.0"/>
    <property name="sun.management.compiler" value="HotSpot 64-Bit Tiered Compilers"/>
    <property name="os.version" value="10.13.6"/>
    <property name="http.nonProxyHosts" value="local|*.local|169.254/16|*.169.254/16"/>
    <property name="user.home" value="/Users/indianic"/>
    <property name="user.timezone" value="Asia/Kolkata"/>
    <property name="java.awt.printerjob" value="sun.lwawt.macosx.CPrinterJob"/>
    <property name="java.specification.version" value="1.8"/>
    <property name="file.encoding" value="UTF-8"/>
    <property name="user.name" value="indianic"/>
    <property name="java.class.path" value="/Applications/Eclipse.app/Contents/Eclipse/plugins/org.eclipse.m2e.maven.runtime_1.8.3.20180227-2135/jars/plexus-classworlds-2.5.2.jar"/>
    <property name="java.vm.specification.version" value="1.8"/>
    <property name="sun.arch.data.model" value="64"/>
    <property name="java.home" value="/Library/Java/JavaVirtualMachines/jdk1.8.0_171.jdk/Contents/Home/jre"/>
    <property name="sun.java.command" value="org.codehaus.plexus.classworlds.launcher.Launcher -B test"/>
    <property name="java.specification.vendor" value="Oracle Corporation"/>
    <property name="user.language" value="en"/>
    <property name="awt.toolkit" value="sun.lwawt.macosx.LWCToolkit"/>
    <property name="java.vm.info" value="mixed mode"/>
    <property name="java.version" value="1.8.0_171"/>
    <property name="java.ext.dirs" value="/Users/indianic/Library/Java/Extensions:/Library/Java/JavaVirtualMachines/jdk1.8.0_171.jdk/Contents/Home/jre/lib/ext:/Library/Java/Extensions:/Network/Library/Java/Extensions:/System/Library/Java/Extensions:/usr/lib/java"/>
    <property name="sun.boot.class.path" value="/Library/Java/JavaVirtualMachines/jdk1.8.0_171.jdk/Contents/Home/jre/lib/resources.jar:/Library/Java/JavaVirtualMachines/jdk1.8.0_171.jdk/Contents/Home/jre/lib/rt.jar:/Library/Java/JavaVirtualMachines/jdk1.8.0_171.jdk/Contents/Home/jre/lib/sunrsasign.jar:/Library/Java/JavaVirtualMachines/jdk1.8.0_171.jdk/Contents/Home/jre/lib/jsse.jar:/Library/Java/JavaVirtualMachines/jdk1.8.0_171.jdk/Contents/Home/jre/lib/jce.jar:/Library/Java/JavaVirtualMachines/jdk1.8.0_171.jdk/Contents/Home/jre/lib/charsets.jar:/Library/Java/JavaVirtualMachines/jdk1.8.0_171.jdk/Contents/Home/jre/lib/jfr.jar:/Library/Java/JavaVirtualMachines/jdk1.8.0_171.jdk/Contents/Home/jre/classes"/>
    <property name="java.vendor" value="Oracle Corporation"/>
    <property name="maven.home" value="/Users/indianic/git/RESTAPI/EMBEDDED"/>
    <property name="file.separator" value="/"/>
    <property name="java.vendor.url.bug" value="http://bugreport.sun.com/bugreport/"/>
    <property name="sun.cpu.endian" value="little"/>
    <property name="sun.io.unicode.encoding" value="UnicodeBig"/>
    <property name="socksNonProxyHosts" value="local|*.local|169.254/16|*.169.254/16"/>
    <property name="ftp.nonProxyHosts" value="local|*.local|169.254/16|*.169.254/16"/>
    <property name="sun.cpu.isalist" value=""/>
  </properties>
  <testcase name="getLoginAPI" classname="HolofyAPIs.AppLogin" time="2.011"/>
  <testcase name="getLoginAPI" classname="HolofyAPIs.AppLogin" time="0.621"/>
  <testcase name="getLoginAPI" classname="HolofyAPIs.AppLogin" time="0.674"/>
  <testcase name="getLoginAPI" classname="HolofyAPIs.AppLogin" time="0.622"/>
  <testcase name="forgotpasswordWithNumberAPI" classname="HolofyAPIs.ForgotPasswordWithNumber" time="1.09"/>
  <testcase name="forgotpasswordWithNumberAPI" classname="HolofyAPIs.ForgotPasswordWithNumber" time="0.63"/>
  <testcase name="forgotpasswordWithNumberAPI" classname="HolofyAPIs.ForgotPasswordWithNumber" time="0.574"/>
  <testcase name="forgotpasswordWithNumberAPI" classname="HolofyAPIs.ForgotPasswordWithNumber" time="0.602"/>
  <testcase name="forgotpasswordWithEmailAPI" classname="HolofyAPIs.ForgotpasswordWithEmail" time="0.581"/>
  <testcase name="forgotpasswordWithEmailAPI" classname="HolofyAPIs.ForgotpasswordWithEmail" time="0.589"/>
  <testcase name="forgotpasswordWithEmailAPI" classname="HolofyAPIs.ForgotpasswordWithEmail" time="0.585"/>
  <testcase name="forgotpasswordWithEmailAPI" classname="HolofyAPIs.ForgotpasswordWithEmail" time="0.583"/>
  <testcase name="ListOfSpaceType" classname="HolofyAPIs.GetSpaceList" time="1.787"/>
  <testcase name="createNewSpaceAPI" classname="HolofyAPIs.CreateSpace" time="2.638"/>
  <testcase name="createNewSpaceAPI" classname="HolofyAPIs.CreateSpace" time="2.562"/>
  <testcase name="EditSpaceAPI" classname="HolofyAPIs.EditCreatedSpace" time="3.57"/>
  <testcase name="Productlist" classname="HolofyAPIs.getProductList" time="1.949"/>
  <testcase name="AddProductToSpaceAPI" classname="HolofyAPIs.AddProductToSpace" time="3.462"/>
  <testcase name="deleteSpaceAPI" classname="HolofyAPIs.RemoveCreateSpace" time="2.477"/>
  <testcase name="updateProductAPI" classname="HolofyAPIs.EditProduct" time="4.281"/>
  <testcase name="removeAddedProductAPI" classname="HolofyAPIs.RemoveProductFromSpace" time="4.167"/>
</testsuite>