<?xml version="1.0" encoding="UTF-8"?>
<!-- Generated by org.testng.reporters.JUnitReportReporter -->
<testsuite skipped="0" hostname="ind643.local" name="automationRESTAPI.REST_POST" tests="1" failures="0" timestamp="07 Aug 2019 14:28:25 GMT" time="2.085" errors="0">
  <testcase name="postMethod" time="2.085" classname="automationRESTAPI.REST_POST"/>
</testsuite> <!-- automationRESTAPI.REST_POST -->
