<?xml version="1.0" encoding="UTF-8"?>
<!-- Generated by org.testng.reporters.JUnitReportReporter -->
<testsuite skipped="0" hostname="ind643.local" name="RESTAPIs_LibraryAPIs.AddBook" tests="1" failures="0" timestamp="23 Aug 2019 10:34:29 GMT" time="2.144" errors="0">
  <testcase name="addBookToLibrary" time="2.144" classname="RESTAPIs_LibraryAPIs.AddBook"/>
</testsuite> <!-- RESTAPIs_LibraryAPIs.AddBook -->
