<?xml version="1.0" encoding="UTF-8"?>
<!-- Generated by org.testng.reporters.JUnitReportReporter -->
<testsuite skipped="0" hostname="ind643.local" name="RESTAPIs.REST_POST" tests="1" failures="0" timestamp="16 Aug 2019 08:48:18 GMT" time="1.896" errors="0">
  <testcase name="postMethod" time="1.896" classname="RESTAPIs.REST_POST"/>
</testsuite> <!-- RESTAPIs.REST_POST -->
