<?xml version="1.0" encoding="UTF-8"?>
<!-- Generated by org.testng.reporters.JUnitReportReporter -->
<testsuite skipped="0" hostname="ind643.local" name="RESTAPIs.REST_GET" tests="1" failures="0" timestamp="16 Aug 2019 08:48:01 GMT" time="3.422" errors="0">
  <testcase name="GetMethod" time="3.422" classname="RESTAPIs.REST_GET"/>
</testsuite> <!-- RESTAPIs.REST_GET -->
