<?xml version="1.0" encoding="UTF-8"?>
<!-- Generated by org.testng.reporters.JUnitReportReporter -->
<testsuite skipped="0" hostname="ind643.local" name="RESTAPIs.ResponseWithForLoop" tests="1" failures="0" timestamp="19 Aug 2019 13:37:02 GMT" time="3.824" errors="0">
  <testcase name="testing" time="3.824" classname="RESTAPIs.ResponseWithForLoop"/>
</testsuite> <!-- RESTAPIs.ResponseWithForLoop -->
