<?xml version="1.0" encoding="UTF-8"?>
<!-- Generated by org.testng.reporters.JUnitReportReporter -->
<testsuite skipped="0" hostname="ind643.local" name="automationRESTAPI.BasicTest" tests="1" failures="0" timestamp="07 Aug 2019 13:56:28 GMT" time="2.258" errors="0">
  <testcase name="GetMethod" time="2.258" classname="automationRESTAPI.BasicTest"/>
</testsuite> <!-- automationRESTAPI.BasicTest -->
