<?xml version="1.0" encoding="UTF-8"?>
<!-- Generated by org.testng.reporters.JUnitReportReporter -->
<testsuite skipped="0" hostname="ind6591-3.local" name="HolofyAPIs.ForgotpasswordWithEmail" tests="4" failures="0" timestamp="17 Sep 2019 06:09:26 GMT" time="3.558" errors="0">
  <testcase name="appforgotpassword" time="0.609" classname="HolofyAPIs.ForgotpasswordWithEmail"/>
  <testcase name="appforgotpassword" time="0.628" classname="HolofyAPIs.ForgotpasswordWithEmail"/>
  <testcase name="appforgotpassword" time="1.725" classname="HolofyAPIs.ForgotpasswordWithEmail"/>
  <testcase name="appforgotpassword" time="0.596" classname="HolofyAPIs.ForgotpasswordWithEmail"/>
</testsuite> <!-- HolofyAPIs.ForgotpasswordWithEmail -->
