<?xml version="1.0" encoding="UTF-8"?>
<!-- Generated by org.testng.reporters.JUnitReportReporter -->
<testsuite skipped="0" hostname="ind6591-3.local" name="HolofyAPIs.EditProduct" tests="1" failures="0" timestamp="19 Sep 2019 09:28:52 GMT" time="5.703" errors="0">
  <testcase name="updateProductdetails" time="5.703" classname="HolofyAPIs.EditProduct"/>
</testsuite> <!-- HolofyAPIs.EditProduct -->
