<?xml version="1.0" encoding="UTF-8"?>
<!-- Generated by org.testng.reporters.JUnitReportReporter -->
<testsuite skipped="0" hostname="ind643.local" name="automationRESTAPI.REST_GET_AND_GRAB_RESPONSE" tests="1" failures="0" timestamp="08 Aug 2019 12:58:33 GMT" time="2.797" errors="0">
  <testcase name="postMethod" time="2.797" classname="automationRESTAPI.REST_GET_AND_GRAB_RESPONSE"/>
</testsuite> <!-- automationRESTAPI.REST_GET_AND_GRAB_RESPONSE -->
