<?xml version="1.0" encoding="UTF-8"?>
<!-- Generated by org.testng.reporters.JUnitReportReporter -->
<testsuite skipped="0" hostname="ind6591-3.local" name="HolofyAPIs.EditCreatedSpace" tests="1" failures="0" timestamp="19 Sep 2019 09:04:27 GMT" time="4.982" errors="0">
  <testcase name="EditSpace" time="4.982" classname="HolofyAPIs.EditCreatedSpace"/>
</testsuite> <!-- HolofyAPIs.EditCreatedSpace -->
