<?xml version="1.0" encoding="UTF-8"?>
<!-- Generated by org.testng.reporters.JUnitReportReporter -->
<testsuite skipped="0" hostname="ind6591-3.local" name="HolofyAPIs.RemoveProductFromSpace" tests="1" failures="0" timestamp="19 Sep 2019 09:30:17 GMT" time="5.728" errors="0">
  <testcase name="removeAddedProduct" time="5.728" classname="HolofyAPIs.RemoveProductFromSpace"/>
</testsuite> <!-- HolofyAPIs.RemoveProductFromSpace -->
