<?xml version="1.0" encoding="UTF-8"?>
<!-- Generated by org.testng.reporters.JUnitReportReporter -->
<testsuite skipped="0" hostname="ind6591-3.local" name="HolofyAPIs.RemoveCreateSpace" tests="1" failures="0" timestamp="19 Sep 2019 09:29:46 GMT" time="3.945" errors="0">
  <testcase name="deleteSpace" time="3.945" classname="HolofyAPIs.RemoveCreateSpace"/>
</testsuite> <!-- HolofyAPIs.RemoveCreateSpace -->
