<?xml version="1.0" encoding="UTF-8"?>
<!-- Generated by org.testng.reporters.JUnitReportReporter -->
<testsuite skipped="0" hostname="ind6591-3.local" name="HolofyAPIs.AddProductToSpace" tests="1" failures="0" timestamp="19 Sep 2019 07:56:12 GMT" time="4.711" errors="0">
  <testcase name="ProductToSpace" time="4.711" classname="HolofyAPIs.AddProductToSpace"/>
</testsuite> <!-- HolofyAPIs.AddProductToSpace -->
