<?xml version="1.0" encoding="UTF-8"?>
<!-- Generated by org.testng.reporters.JUnitReportReporter -->
<testsuite skipped="0" hostname="ind643.local" name="HolofyAPIs.ForgotPassword" tests="2" failures="0" timestamp="22 Aug 2019 07:30:24 GMT" time="3.022" errors="0">
  <testcase name="appforgotpassword" time="0.621" classname="HolofyAPIs.ForgotPassword"/>
  <testcase name="appforgotpassword" time="2.401" classname="HolofyAPIs.ForgotPassword"/>
</testsuite> <!-- HolofyAPIs.ForgotPassword -->
