<?xml version="1.0" encoding="UTF-8"?>
<!-- Generated by org.testng.reporters.JUnitReportReporter -->
<testsuite skipped="0" hostname="ind643.local" name="RESTAPIs.REST_Library_Create_Book" tests="1" failures="0" timestamp="21 Aug 2019 05:25:36 GMT" time="2.019" errors="0">
  <testcase name="addBook" time="2.019" classname="RESTAPIs.REST_Library_Create_Book"/>
</testsuite> <!-- RESTAPIs.REST_Library_Create_Book -->
