<?xml version="1.0" encoding="UTF-8"?>
<!-- Generated by org.testng.reporters.JUnitReportReporter -->
<testsuite skipped="0" hostname="ind643.local" name="RESTAPIs.REST_GET_AND_GRAB_RESPONSE" tests="1" failures="0" timestamp="22 Aug 2019 05:13:01 GMT" time="1.959" errors="0">
  <testcase name="addAndDeletePlace" time="1.959" classname="RESTAPIs.REST_GET_AND_GRAB_RESPONSE"/>
</testsuite> <!-- RESTAPIs.REST_GET_AND_GRAB_RESPONSE -->
