<?xml version="1.0" encoding="UTF-8"?>
<!-- Generated by org.testng.reporters.JUnitReportReporter -->
<testsuite skipped="0" hostname="ind6591-3.local" name="HolofyAPIs.getProductList" tests="1" failures="0" timestamp="19 Sep 2019 09:30:55 GMT" time="3.331" errors="0">
  <testcase name="Productlist" time="3.331" classname="HolofyAPIs.getProductList"/>
</testsuite> <!-- HolofyAPIs.getProductList -->
