<?xml version="1.0" encoding="UTF-8"?>
<!-- Generated by org.testng.reporters.JUnitReportReporter -->
<testsuite skipped="0" hostname="ind6591-3.local" name="HolofyAPIs.GetSpaceList" tests="1" failures="0" timestamp="19 Sep 2019 09:31:36 GMT" time="3.171" errors="0">
  <testcase name="ListOfSpaceType" time="3.171" classname="HolofyAPIs.GetSpaceList"/>
</testsuite> <!-- HolofyAPIs.GetSpaceList -->
