<?xml version="1.0" encoding="UTF-8"?>
<!-- Generated by org.testng.reporters.JUnitReportReporter -->
<testsuite skipped="0" hostname="ind643.local" name="HolofyAPIs.AppLogin" tests="4" failures="0" timestamp="24 Sep 2019 12:53:30 GMT" time="3.928" errors="0">
  <testcase name="getLoginAPI" time="0.621" classname="HolofyAPIs.AppLogin"/>
  <testcase name="getLoginAPI" time="2.010" classname="HolofyAPIs.AppLogin"/>
  <testcase name="getLoginAPI" time="0.674" classname="HolofyAPIs.AppLogin"/>
  <testcase name="getLoginAPI" time="0.623" classname="HolofyAPIs.AppLogin"/>
</testsuite> <!-- HolofyAPIs.AppLogin -->
