<?xml version="1.0" encoding="UTF-8"?>
<!-- Generated by org.testng.reporters.JUnitReportReporter -->
<testsuite skipped="0" hostname="ind643.local" name="HolofyAPIs.AppLogin" tests="4" failures="0" timestamp="24 Sep 2019 09:42:47 GMT" time="6.138" errors="0">
  <testcase name="getLoginAPI" time="0.596" classname="HolofyAPIs.AppLogin"/>
  <testcase name="getLoginAPI" time="4.288" classname="HolofyAPIs.AppLogin"/>
  <testcase name="getLoginAPI" time="0.672" classname="HolofyAPIs.AppLogin"/>
  <testcase name="getLoginAPI" time="0.582" classname="HolofyAPIs.AppLogin"/>
</testsuite> <!-- HolofyAPIs.AppLogin -->
